<?xml version="1.0" encoding="UTF-8"?>
<testsuite name="twitter.SearchTweetTest" tests="5" skipped="0" failures="0" errors="0" timestamp="2023-02-20T10:09:29" hostname="ip-192-168-1-190.eu-west-1.compute.internal" time="0.183">
  <properties/>
  <testcase name="simpleTextSearchQueryTweetTest()" classname="twitter.SearchTweetTest" time="0.155"/>
  <testcase name="randomTextSearchQueryTweetTest()" classname="twitter.SearchTweetTest" time="0.003"/>
  <testcase name="tooLongTextSearchQueryTweetTest()" classname="twitter.SearchTweetTest" time="0.005"/>
  <testcase name="emptySearchQueryTweetTest()" classname="twitter.SearchTweetTest" time="0.003"/>
  <testcase name="numericSearchQueryTweetTest()" classname="twitter.SearchTweetTest" time="0.004"/>
  <system-out><![CDATA[]]></system-out>
  <system-err><![CDATA[]]></system-err>
</testsuite>
